<?xml version="1.0" encoding="UTF-8"?>
<testsuite xmlns:xsi="http://www.w3.org/2001/XMLSchema-instance" xsi:noNamespaceSchemaLocation="https://maven.apache.org/surefire/maven-surefire-plugin/xsd/surefire-test-report-3.0.xsd" version="3.0" name="com.wishlist.api.MovieApiApplicationTests" time="0.004" tests="1" errors="0" skipped="1" failures="0">
  <properties/>
  <testcase name="contextLoads" classname="com.wishlist.api.MovieApiApplicationTests" time="0.0">
    <skipped message="class com.wishlist.api.MovieApiApplicationTests is @Disabled"/>
  </testcase>
</testsuite>